<?xml version="1.0" encoding="UTF-8"?>
<!-- Generated by org.testng.reporters.JUnitReportReporter -->
<testsuite skipped="0" hostname="ip-172-31-16-182" name="com.bdd.runners.LoginModuleRunner" tests="6" failures="0" timestamp="2023-01-14T17:10:06 UTC" time="357.561" errors="0">
  <testcase name="runScenario" time="58.503" classname="com.bdd.runners.LoginModuleRunner"/>
  <system-out/>
  <testcase name="runScenario" time="64.803" classname="com.bdd.runners.LoginModuleRunner"/>
  <system-out/>
  <testcase name="runScenario" time="67.540" classname="com.bdd.runners.LoginModuleRunner"/>
  <system-out/>
  <testcase name="runScenario" time="59.036" classname="com.bdd.runners.LoginModuleRunner"/>
  <system-out/>
  <testcase name="runScenario" time="52.195" classname="com.bdd.runners.LoginModuleRunner"/>
  <system-out/>
  <testcase name="runScenario" time="55.484" classname="com.bdd.runners.LoginModuleRunner"/>
  <system-out/>
</testsuite> <!-- com.bdd.runners.LoginModuleRunner -->
